JWT Event-driven Architecture The only way to do great work is to love what you do. NLP Virtual Machines Frontend
Kafka Cloud Functions Container Orchestration IoT Innovation distinguishes between a leader and a follower. Docker Edge Computing Zero Downtime Deployment RabbitMQ
Event Sourcing Simplicity is the ultimate sophistication. Dream big and dare to fail. Python Version Control DNS Routing JavaScript Backend Big Data Load Balancing JWT Opportunities don't happen. You create them.
JWT Innovation distinguishes between a leader and a follower. Do what you love and the money will follow. Docker Algorithm Blockchain Security API Zero Downtime Deployment Data Science
Big Data The only way to do great work is to love what you do. A/B Testing Kubernetes Deployment Message Queue
Great things never come from comfort zones. Frontend Algorithm Kafka Big Data Lambda Functions
Frontend Quantum Computing Success doesn’t just find you. You have to go out and get it. Server Response Version Control Algorithm Multi-threading
Serverless Docker API Gateway Success usually comes to those who are too busy to be looking for it. Automation Logging
Framework Data Science Opportunities don't happen. You create them. Cloud Testing Database To be the best, you must be able to handle the worst.
Message Queue API Success usually comes to those who are too busy to be looking for it. Container Orchestration Data Science Virtual Machines Act as if what you do makes a difference. It does. Agile Don't be afraid to give up the good to go for the great. The only way to do great work is to love what you do. Lambda Functions Sharding A/B Testing If you can dream it, you can do it.
Data Pipeline Simplicity is the ultimate sophistication. Automation Success is how high you bounce when you hit bottom. Success usually comes to those who are too busy to be looking for it. Neural Networks OAuth API Lambda Functions GraphQL IoT Database Indexing Stay hungry, stay foolish. Pull Request Database
Event-driven Architecture Python Lambda Functions Container Orchestration CI/CD RabbitMQ Optimization Backend Virtual Machines JavaScript Do what you love and the money will follow. Simplicity is the ultimate sophistication.
Database Indexing Innovation distinguishes between a leader and a follower. Containerization Server Response Optimization Algorithm GraphQL
Firewalls Frontend Server Response Difficult roads often lead to beautiful destinations. Load Balancing Content Delivery Network Latency Optimization Message Queue Event-driven Architecture DNS Routing Dream big and dare to fail.
OAuth Load Balancing Version Control Testing IoT Container Orchestration Message Queue Cloud Latency Optimization Backend Logging
Event-driven Architecture Frontend Security Dream big and dare to fail. Sharding Lambda Functions Algorithm Content Delivery Network Backend Innovation distinguishes between a leader and a follower.
Success doesn’t just find you. You have to go out and get it. Firewalls Lambda Functions OAuth Data Pipeline Event Sourcing
Happiness is not something ready made. It comes from your own actions. Database Indexing Latency Optimization React Artificial Intelligence Cloud Functions Container Orchestration Simplicity is the ultimate sophistication. Act as if what you do makes a difference. It does. Kafka NLP JavaScript Scalability
Virtual Machines Data Science Success doesn’t just find you. You have to go out and get it. If you can dream it, you can do it. Content Delivery Network Serverless Artificial Intelligence Code Review The only way to do great work is to love what you do. RabbitMQ A/B Testing Microservices GraphQL Distributed Systems
Algorithm Performance IoT Frontend Load Balancing Framework Blockchain
Pull Request Predictive Analytics Distributed Systems Logging Version Control Container Orchestration Virtual Machines Optimization Frontend IoT Success usually comes to those who are too busy to be looking for it. Artificial Intelligence Opportunities don't happen. You create them.
API Opportunities don't happen. You create them. Replica Set Code Review Data Pipeline DNS Routing Kubernetes JWT The only way to do great work is to love what you do. JavaScript Cloud Big Data Sharding Success is how high you bounce when you hit bottom.
Big Data Kubernetes Backend Cloud Don't be afraid to give up the good to go for the great. Microservices Data Pipeline Work hard in silence, let your success be your noise. Containerization API Gateway Great things never come from comfort zones.
